<?xml version="1.0" encoding="UTF-8"?>
<testng-results skipped="0" failed="0" ignored="0" total="1" passed="1">
  <reporter-output>
  </reporter-output>
  <suite name="Default suite" duration-ms="1373" started-at="2022-08-09T10:45:28Z" finished-at="2022-08-09T10:45:30Z">
    <groups>
    </groups>
    <test name="Default test" duration-ms="1373" started-at="2022-08-09T10:45:28Z" finished-at="2022-08-09T10:45:30Z">
      <class name="org.Base1.Sample">
        <test-method status="PASS" signature="gsdgsj()[pri:0, instance:org.Base1.Sample@589b3632]" name="gsdgsj" duration-ms="1313" started-at="2022-08-09T10:45:29Z" finished-at="2022-08-09T10:45:30Z">
          <reporter-output>
          </reporter-output>
        </test-method> <!-- gsdgsj -->
      </class> <!-- org.Base1.Sample -->
    </test> <!-- Default test -->
  </suite> <!-- Default suite -->
</testng-results>
